<?xml version="1.0" encoding="UTF-8"?>
<!-- Generated by org.testng.reporters.JUnitXMLReporter -->
<testsuite ignored="0" hostname="DELL342005" failures="0" tests="3" name="Stanza Elections Test Cases" time="45.739" errors="0" timestamp="19 Dec 2021 17:24:01 GMT">
  <testcase classname="com.stanza.automation.testcases.ElectionsPageTest" name="checkAddressesAutoPopulation" time="21.088"/>
  <testcase classname="com.stanza.automation.testcases.ElectionsPageTest" name="enterDesiredAddressAndAddToCalendar" time="6.85"/>
  <testcase classname="com.stanza.automation.testcases.ElectionsPageTest" name="checkFAQDropDownFunctionality" time="0.755"/>
</testsuite> <!-- Stanza Elections Test Cases -->
