<?xml version="1.0" encoding="UTF-8"?>
<!-- Generated by org.testng.reporters.JUnitXMLReporter -->
<testsuite ignored="0" hostname="DELL342005" failures="0" tests="3" name="Default test" time="50.242" errors="0" timestamp="19 Dec 2021 17:20:52 GMT">
  <testcase classname="com.stanza.automation.testcases.ElectionsPageTest" name="checkAddressesAutoPopulation" time="20.956"/>
  <testcase classname="com.stanza.automation.testcases.ElectionsPageTest" name="enterDesiredAddressAndAddToCalendar" time="6.74"/>
  <testcase classname="com.stanza.automation.testcases.ElectionsPageTest" name="checkFAQDropDownFunctionality" time="0.817"/>
</testsuite> <!-- Default test -->
