<?xml version="1.0" encoding="UTF-8" ?>
<testsuite tests="3" failures="3" name="TestSuite" time="0.01" errors="0" skipped="0">
  <properties>
[...]
</properties>
  <testcase classname="com.stanza.automation.testcases.ElectionsPageTest" name="checkAddressesAutoPopulation" time="0.008">
    <failure message="&apos;void org.openqa.selenium.support.PageFactory.initElements(org.openqa.selenium.WebDriver, java.lang.Object)&apos;" type="java.lang.NoSuchMethodError">java.lang.NoSuchMethodError: &apos;void org.openqa.selenium.support.PageFactory.initElements(org.openqa.selenium.WebDriver, java.lang.Object)&apos;
	at com.stanza.automation.ui.pages.ElectionsPage.&lt;init&gt;(ElectionsPage.java:99)
	at com.stanza.automation.testcases.ElectionsPageTest.checkAddressesAutoPopulation(ElectionsPageTest.java:48)
</failure>
    <system-out>Configuring TestNG with: org.apache.maven.surefire.testng.conf.TestNG652Configurator@2d6eabae
Before navigating to: &apos;https://www.stanza.co/plus?service=elections&apos;
Navigated to:&apos;https://www.stanza.co/plus?service=elections&apos;
</system-out>
    <system-err>Starting ChromeDriver 95.0.4638.69 (6a1600ed572fedecd573b6c2b90a22fe6392a410-refs/branch-heads/4638@{#984}) on port 63168
Only local connections are allowed.
Please see https://chromedriver.chromium.org/security-considerations for suggestions on keeping ChromeDriver safe.
ChromeDriver was started successfully.
[1639934372.163][WARNING]: This version of ChromeDriver has not been tested with Chrome version 96.
Dec 19, 2021 10:49:32 PM org.openqa.selenium.remote.ProtocolHandshake createSession
INFO: Detected dialect: W3C
Dec 19, 2021 10:49:32 PM org.openqa.selenium.devtools.CdpVersionFinder findNearestMatch
INFO: Found exact CDP implementation for version 96
[main] INFO com.stanza.automation.testcases.ElectionsPageTest - Loading all webelements... 
</system-err>
  </testcase>
  <testcase classname="com.stanza.automation.testcases.ElectionsPageTest" name="enterDesiredAddressAndAddToCalendar" time="0.001">
    <failure message="&apos;void org.openqa.selenium.support.PageFactory.initElements(org.openqa.selenium.WebDriver, java.lang.Object)&apos;" type="java.lang.NoSuchMethodError">java.lang.NoSuchMethodError: &apos;void org.openqa.selenium.support.PageFactory.initElements(org.openqa.selenium.WebDriver, java.lang.Object)&apos;
	at com.stanza.automation.ui.pages.ElectionsPage.&lt;init&gt;(ElectionsPage.java:99)
	at com.stanza.automation.testcases.ElectionsPageTest.enterDesiredAddressAndAddToCalendar(ElectionsPageTest.java:79)
</failure>
    <system-out>Before navigating to: &apos;https://www.stanza.co/plus?service=elections&apos;
Navigated to:&apos;https://www.stanza.co/plus?service=elections&apos;
</system-out>
    <system-err>Starting ChromeDriver 95.0.4638.69 (6a1600ed572fedecd573b6c2b90a22fe6392a410-refs/branch-heads/4638@{#984}) on port 63325
Only local connections are allowed.
Please see https://chromedriver.chromium.org/security-considerations for suggestions on keeping ChromeDriver safe.
ChromeDriver was started successfully.
[1639934381.125][WARNING]: This version of ChromeDriver has not been tested with Chrome version 96.
Dec 19, 2021 10:49:41 PM org.openqa.selenium.remote.ProtocolHandshake createSession
INFO: Detected dialect: W3C
Dec 19, 2021 10:49:41 PM org.openqa.selenium.devtools.CdpVersionFinder findNearestMatch
INFO: Found exact CDP implementation for version 96
[main] INFO com.stanza.automation.testcases.ElectionsPageTest - Loading all webelements... 
</system-err>
  </testcase>
  <testcase classname="com.stanza.automation.testcases.ElectionsPageTest" name="checkFAQDropDownFunctionality" time="0.001">
    <failure message="&apos;void org.openqa.selenium.support.PageFactory.initElements(org.openqa.selenium.WebDriver, java.lang.Object)&apos;" type="java.lang.NoSuchMethodError">java.lang.NoSuchMethodError: &apos;void org.openqa.selenium.support.PageFactory.initElements(org.openqa.selenium.WebDriver, java.lang.Object)&apos;
	at com.stanza.automation.ui.pages.ElectionsPage.&lt;init&gt;(ElectionsPage.java:99)
	at com.stanza.automation.testcases.ElectionsPageTest.checkFAQDropDownFunctionality(ElectionsPageTest.java:108)
</failure>
    <system-out>Before navigating to: &apos;https://www.stanza.co/plus?service=elections&apos;
Navigated to:&apos;https://www.stanza.co/plus?service=elections&apos;
</system-out>
    <system-err>[AsyncHttpClient-1-7] WARN org.asynchttpclient.netty.handler.WebSocketHandler - onError
java.net.SocketException: Connection reset
	at java.base/sun.nio.ch.SocketChannelImpl.throwConnectionReset(SocketChannelImpl.java:394)
	at java.base/sun.nio.ch.SocketChannelImpl.read(SocketChannelImpl.java:426)
	at io.netty.buffer.PooledByteBuf.setBytes(PooledByteBuf.java:253)
	at io.netty.buffer.AbstractByteBuf.writeBytes(AbstractByteBuf.java:1132)
	at io.netty.channel.socket.nio.NioSocketChannel.doReadBytes(NioSocketChannel.java:350)
	at io.netty.channel.nio.AbstractNioByteChannel$NioByteUnsafe.read(AbstractNioByteChannel.java:151)
	at io.netty.channel.nio.NioEventLoop.processSelectedKey(NioEventLoop.java:719)
	at io.netty.channel.nio.NioEventLoop.processSelectedKeysOptimized(NioEventLoop.java:655)
	at io.netty.channel.nio.NioEventLoop.processSelectedKeys(NioEventLoop.java:581)
	at io.netty.channel.nio.NioEventLoop.run(NioEventLoop.java:493)
	at io.netty.util.concurrent.SingleThreadEventExecutor$4.run(SingleThreadEventExecutor.java:986)
	at io.netty.util.internal.ThreadExecutorMap$2.run(ThreadExecutorMap.java:74)
	at io.netty.util.concurrent.FastThreadLocalRunnable.run(FastThreadLocalRunnable.java:30)
	at java.base/java.lang.Thread.run(Thread.java:833)
Dec 19, 2021 10:49:45 PM org.openqa.selenium.remote.http.WebSocket$Listener onError
WARNING: Connection reset
java.net.SocketException: Connection reset
	at java.base/sun.nio.ch.SocketChannelImpl.throwConnectionReset(SocketChannelImpl.java:394)
	at java.base/sun.nio.ch.SocketChannelImpl.read(SocketChannelImpl.java:426)
	at io.netty.buffer.PooledByteBuf.setBytes(PooledByteBuf.java:253)
	at io.netty.buffer.AbstractByteBuf.writeBytes(AbstractByteBuf.java:1132)
	at io.netty.channel.socket.nio.NioSocketChannel.doReadBytes(NioSocketChannel.java:350)
	at io.netty.channel.nio.AbstractNioByteChannel$NioByteUnsafe.read(AbstractNioByteChannel.java:151)
	at io.netty.channel.nio.NioEventLoop.processSelectedKey(NioEventLoop.java:719)
	at io.netty.channel.nio.NioEventLoop.processSelectedKeysOptimized(NioEventLoop.java:655)
	at io.netty.channel.nio.NioEventLoop.processSelectedKeys(NioEventLoop.java:581)
	at io.netty.channel.nio.NioEventLoop.run(NioEventLoop.java:493)
	at io.netty.util.concurrent.SingleThreadEventExecutor$4.run(SingleThreadEventExecutor.java:986)
	at io.netty.util.internal.ThreadExecutorMap$2.run(ThreadExecutorMap.java:74)
	at io.netty.util.concurrent.FastThreadLocalRunnable.run(FastThreadLocalRunnable.java:30)
	at java.base/java.lang.Thread.run(Thread.java:833)

Starting ChromeDriver 95.0.4638.69 (6a1600ed572fedecd573b6c2b90a22fe6392a410-refs/branch-heads/4638@{#984}) on port 61719
Only local connections are allowed.
Please see https://chromedriver.chromium.org/security-considerations for suggestions on keeping ChromeDriver safe.
ChromeDriver was started successfully.
[1639934385.780][WARNING]: This version of ChromeDriver has not been tested with Chrome version 96.
Dec 19, 2021 10:49:46 PM org.openqa.selenium.remote.ProtocolHandshake createSession
INFO: Detected dialect: W3C
Dec 19, 2021 10:49:46 PM org.openqa.selenium.devtools.CdpVersionFinder findNearestMatch
INFO: Found exact CDP implementation for version 96
[main] INFO com.stanza.automation.testcases.ElectionsPageTest - Loading all webelements... 
</system-err>
  </testcase>
</testsuite>