<?xml version="1.0" encoding="UTF-8"?>
<!-- Generated by org.testng.reporters.JUnitXMLReporter -->
<testsuite ignored="0" hostname="DELL342005" failures="0" tests="3" name="CRUD Test Cases" time="80.345" errors="0" timestamp="19 Dec 2021 12:31:59 GMT">
  <testcase classname="com.backbase.automation.testcases.ElectionsPageTest" name="checkAddressesAutoPopulation" time="21.311"/>
  <testcase classname="com.backbase.automation.testcases.ElectionsPageTest" name="enterDesiredAddressAndAddToCalendar" time="8.567"/>
  <testcase classname="com.backbase.automation.testcases.ElectionsPageTest" name="checkFAQDropDownFunctionality" time="0.718"/>
</testsuite> <!-- CRUD Test Cases -->
