<?xml version="1.0" encoding="UTF-8"?>
<testng-results ignored="0" total="3" passed="3" failed="0" skipped="0">
  <reporter-output>
  </reporter-output>
  <suite started-at="2021-12-19T17:23:15Z" name="Stanza Elections Page Test Automation TestSuite" finished-at="2021-12-19T17:24:00Z" duration-ms="45739">
    <groups>
    </groups>
    <test started-at="2021-12-19T17:23:15Z" name="Stanza Elections Test Cases" finished-at="2021-12-19T17:24:00Z" duration-ms="45739">
      <class name="com.stanza.automation.testcases.ElectionsPageTest">
        <test-method is-config="true" signature="setUp()[pri:0, instance:com.stanza.automation.testcases.ElectionsPageTest@18df8434]" started-at="2021-12-19T22:53:15Z" name="setUp" finished-at="2021-12-19T22:53:19Z" duration-ms="4502" status="PASS">
          <reporter-output>
          </reporter-output>
        </test-method> <!-- setUp -->
        <test-method signature="checkAddressesAutoPopulation()[pri:1, instance:com.stanza.automation.testcases.ElectionsPageTest@18df8434]" started-at="2021-12-19T22:53:19Z" name="checkAddressesAutoPopulation" finished-at="2021-12-19T22:53:40Z" duration-ms="21088" status="PASS">
          <reporter-output>
          </reporter-output>
        </test-method> <!-- checkAddressesAutoPopulation -->
        <test-method is-config="true" signature="tearDown()[pri:0, instance:com.stanza.automation.testcases.ElectionsPageTest@18df8434]" started-at="2021-12-19T22:53:40Z" name="tearDown" finished-at="2021-12-19T22:53:44Z" duration-ms="4149" status="PASS">
          <reporter-output>
          </reporter-output>
        </test-method> <!-- tearDown -->
        <test-method is-config="true" signature="setUp()[pri:0, instance:com.stanza.automation.testcases.ElectionsPageTest@18df8434]" started-at="2021-12-19T22:53:44Z" name="setUp" finished-at="2021-12-19T22:53:49Z" duration-ms="4033" status="PASS">
          <reporter-output>
          </reporter-output>
        </test-method> <!-- setUp -->
        <test-method signature="enterDesiredAddressAndAddToCalendar()[pri:2, instance:com.stanza.automation.testcases.ElectionsPageTest@18df8434]" started-at="2021-12-19T22:53:49Z" name="enterDesiredAddressAndAddToCalendar" finished-at="2021-12-19T22:53:55Z" duration-ms="6850" status="PASS">
          <reporter-output>
          </reporter-output>
        </test-method> <!-- enterDesiredAddressAndAddToCalendar -->
        <test-method is-config="true" signature="tearDown()[pri:0, instance:com.stanza.automation.testcases.ElectionsPageTest@18df8434]" started-at="2021-12-19T22:53:55Z" name="tearDown" finished-at="2021-12-19T22:53:56Z" duration-ms="194" status="PASS">
          <reporter-output>
          </reporter-output>
        </test-method> <!-- tearDown -->
        <test-method is-config="true" signature="setUp()[pri:0, instance:com.stanza.automation.testcases.ElectionsPageTest@18df8434]" started-at="2021-12-19T22:53:56Z" name="setUp" finished-at="2021-12-19T22:54:00Z" duration-ms="3965" status="PASS">
          <reporter-output>
          </reporter-output>
        </test-method> <!-- setUp -->
        <test-method signature="checkFAQDropDownFunctionality()[pri:3, instance:com.stanza.automation.testcases.ElectionsPageTest@18df8434]" started-at="2021-12-19T22:54:00Z" name="checkFAQDropDownFunctionality" finished-at="2021-12-19T22:54:00Z" duration-ms="755" status="PASS">
          <reporter-output>
          </reporter-output>
        </test-method> <!-- checkFAQDropDownFunctionality -->
        <test-method is-config="true" signature="tearDown()[pri:0, instance:com.stanza.automation.testcases.ElectionsPageTest@18df8434]" started-at="2021-12-19T22:54:00Z" name="tearDown" finished-at="2021-12-19T22:54:00Z" duration-ms="184" status="PASS">
          <reporter-output>
          </reporter-output>
        </test-method> <!-- tearDown -->
      </class> <!-- com.stanza.automation.testcases.ElectionsPageTest -->
    </test> <!-- Stanza Elections Test Cases -->
  </suite> <!-- Stanza Elections Page Test Automation TestSuite -->
</testng-results>
